5 processes
Using SJF
Time   0 : P1 arrived
Time   0 : P1 selected (burst 5)
Time   2 : P2 arrived while P1 is running
Time   5 : P1 finished
Time   5 : P2 selected (burst 9)
Time   7 : P4 arrived while P2 is running
Time   9 : P3 arrived while P2 is running
Time  11 : P5 arrived while P2 is running
Time  14 : P2 finished
Time  14 : P5 selected (burst 1)
Time  15 : P5 finished
Time  15 : P3 selected (burst 3)
Time  18 : P3 finished
Time  18 : P4 selected (burst 4)
Time  22 : P4 finished
Time  22 : Idle
Time  23 : Idle
Time  24 : Idle
Finished at time 25

Results:
P1 wait 0 turnaround 5 response 0
P2 wait 3 turnaround 12 response 3
P5 wait 3 turnaround 4 response 3
P3 wait 6 turnaround 9 response 6
P4 wait 11 turnaround 15 response 11
